[13-Dec-2023 10:25:53 UTC] PHP Fatal error:  Uncaught TypeError: call_user_func_array(): Argument #1 ($callback) must be a valid callback, function "photos_events_header_style" not found or invalid function name in C:\Users\merbo\Local Sites\photo-events\app\public\wp-includes\class-wp-hook.php:324
Stack trace:
#0 C:\Users\merbo\Local Sites\photo-events\app\public\wp-includes\class-wp-hook.php(348): WP_Hook->apply_filters(NULL, Array)
#1 C:\Users\merbo\Local Sites\photo-events\app\public\wp-includes\plugin.php(517): WP_Hook->do_action(Array)
#2 C:\Users\merbo\Local Sites\photo-events\app\public\wp-includes\general-template.php(3052): do_action('wp_head')
#3 C:\Users\merbo\Local Sites\photo-events\app\public\wp-content\themes\photos-events\header.php(26): wp_head()
#4 C:\Users\merbo\Local Sites\photo-events\app\public\wp-includes\template.php(790): require_once('C:\\Users\\merbo\\...')
#5 C:\Users\merbo\Local Sites\photo-events\app\public\wp-includes\template.php(725): load_template('C:\\Users\\merbo\\...', true, Array)
#6 C:\Users\merbo\Local Sites\photo-events\app\public\wp-includes\general-template.php(48): locate_template(Array, true, true, Array)
#7 C:\Users\merbo\Local Sites\photo-events\app\public\wp-content\themes\photos-events\front-page.php(1): get_header()
#8 C:\Users\merbo\Local Sites\photo-events\app\public\wp-includes\template-loader.php(106): include('C:\\Users\\merbo\\...')
#9 C:\Users\merbo\Local Sites\photo-events\app\public\wp-blog-header.php(19): require_once('C:\\Users\\merbo\\...')
#10 C:\Users\merbo\Local Sites\photo-events\app\public\index.php(17): require('C:\\Users\\merbo\\...')
#11 {main}
  thrown in C:\Users\merbo\Local Sites\photo-events\app\public\wp-includes\class-wp-hook.php on line 324
[13-Dec-2023 10:26:14 UTC] PHP Fatal error:  Uncaught TypeError: call_user_func_array(): Argument #1 ($callback) must be a valid callback, function "photos_events_header_style" not found or invalid function name in C:\Users\merbo\Local Sites\photo-events\app\public\wp-includes\class-wp-hook.php:324
Stack trace:
#0 C:\Users\merbo\Local Sites\photo-events\app\public\wp-includes\class-wp-hook.php(348): WP_Hook->apply_filters(NULL, Array)
#1 C:\Users\merbo\Local Sites\photo-events\app\public\wp-includes\plugin.php(517): WP_Hook->do_action(Array)
#2 C:\Users\merbo\Local Sites\photo-events\app\public\wp-includes\general-template.php(3052): do_action('wp_head')
#3 C:\Users\merbo\Local Sites\photo-events\app\public\wp-content\themes\photos-events\header.php(26): wp_head()
#4 C:\Users\merbo\Local Sites\photo-events\app\public\wp-includes\template.php(790): require_once('C:\\Users\\merbo\\...')
#5 C:\Users\merbo\Local Sites\photo-events\app\public\wp-includes\template.php(725): load_template('C:\\Users\\merbo\\...', true, Array)
#6 C:\Users\merbo\Local Sites\photo-events\app\public\wp-includes\general-template.php(48): locate_template(Array, true, true, Array)
#7 C:\Users\merbo\Local Sites\photo-events\app\public\wp-content\themes\photos-events\front-page.php(1): get_header()
#8 C:\Users\merbo\Local Sites\photo-events\app\public\wp-includes\template-loader.php(106): include('C:\\Users\\merbo\\...')
#9 C:\Users\merbo\Local Sites\photo-events\app\public\wp-blog-header.php(19): require_once('C:\\Users\\merbo\\...')
#10 C:\Users\merbo\Local Sites\photo-events\app\public\index.php(17): require('C:\\Users\\merbo\\...')
#11 {main}
  thrown in C:\Users\merbo\Local Sites\photo-events\app\public\wp-includes\class-wp-hook.php on line 324
[13-Dec-2023 10:28:41 UTC] PHP Warning:  require(C:\Users\merbo\Local Sites\photo-events\app\public\wp-content\themes\photos-events\inc\customizer.php): Failed to open stream: No such file or directory in C:\Users\merbo\Local Sites\photo-events\app\public\wp-content\themes\photos-events\functions.php on line 170
[13-Dec-2023 10:28:41 UTC] PHP Fatal error:  Uncaught Error: Failed opening required 'C:\Users\merbo\Local Sites\photo-events\app\public/wp-content/themes/photos-events/inc/customizer.php' (include_path='.:/usr/share/php:/www/wp-content/pear') in C:\Users\merbo\Local Sites\photo-events\app\public\wp-content\themes\photos-events\functions.php:170
Stack trace:
#0 C:\Users\merbo\Local Sites\photo-events\app\public\wp-settings.php(611): include()
#1 C:\Users\merbo\Local Sites\photo-events\app\public\wp-config.php(103): require_once('C:\\Users\\merbo\\...')
#2 C:\Users\merbo\Local Sites\photo-events\app\public\wp-load.php(50): require_once('C:\\Users\\merbo\\...')
#3 C:\Users\merbo\Local Sites\photo-events\app\public\wp-admin\admin.php(34): require_once('C:\\Users\\merbo\\...')
#4 C:\Users\merbo\Local Sites\photo-events\app\public\wp-admin\customize.php(13): require_once('C:\\Users\\merbo\\...')
#5 {main}
  thrown in C:\Users\merbo\Local Sites\photo-events\app\public\wp-content\themes\photos-events\functions.php on line 170
[13-Dec-2023 10:28:41 UTC] PHP Warning:  Trying to access array offset on value of type bool in C:\Users\merbo\Local Sites\photo-events\app\public\wp-includes\class-wp-recovery-mode-email-service.php on line 367
[13-Dec-2023 10:28:41 UTC] PHP Warning:  Trying to access array offset on value of type bool in C:\Users\merbo\Local Sites\photo-events\app\public\wp-includes\class-wp-recovery-mode-email-service.php on line 368
[13-Dec-2023 10:28:41 UTC] PHP Warning:  require(C:\Users\merbo\Local Sites\photo-events\app\public\wp-content\themes\photos-events\inc\customizer.php): Failed to open stream: No such file or directory in C:\Users\merbo\Local Sites\photo-events\app\public\wp-content\themes\photos-events\functions.php on line 170
[13-Dec-2023 10:28:41 UTC] PHP Fatal error:  Uncaught Error: Failed opening required 'C:\Users\merbo\Local Sites\photo-events\app\public/wp-content/themes/photos-events/inc/customizer.php' (include_path='.:/usr/share/php:/www/wp-content/pear') in C:\Users\merbo\Local Sites\photo-events\app\public\wp-content\themes\photos-events\functions.php:170
Stack trace:
#0 C:\Users\merbo\Local Sites\photo-events\app\public\wp-settings.php(611): include()
#1 C:\Users\merbo\Local Sites\photo-events\app\public\wp-config.php(103): require_once('C:\\Users\\merbo\\...')
#2 C:\Users\merbo\Local Sites\photo-events\app\public\wp-load.php(50): require_once('C:\\Users\\merbo\\...')
#3 C:\Users\merbo\Local Sites\photo-events\app\public\wp-blog-header.php(13): require_once('C:\\Users\\merbo\\...')
#4 C:\Users\merbo\Local Sites\photo-events\app\public\index.php(17): require('C:\\Users\\merbo\\...')
#5 {main}
  thrown in C:\Users\merbo\Local Sites\photo-events\app\public\wp-content\themes\photos-events\functions.php on line 170
[13-Dec-2023 22:13:52 UTC] PHP Warning:  require(C:\Users\merbo\Local Sites\photo-events\app\public/wp-content/themes/photos-events/inc/custom-header.php): Failed to open stream: No such file or directory in C:\Users\merbo\Local Sites\photo-events\app\public\wp-content\themes\photos-events\functions.php on line 129
[13-Dec-2023 22:13:52 UTC] PHP Fatal error:  Uncaught Error: Failed opening required 'C:\Users\merbo\Local Sites\photo-events\app\public/wp-content/themes/photos-events/inc/custom-header.php' (include_path='.:/usr/share/php:/www/wp-content/pear') in C:\Users\merbo\Local Sites\photo-events\app\public\wp-content\themes\photos-events\functions.php:129
Stack trace:
#0 C:\Users\merbo\Local Sites\photo-events\app\public\wp-settings.php(611): include()
#1 C:\Users\merbo\Local Sites\photo-events\app\public\wp-config.php(103): require_once('C:\\Users\\merbo\\...')
#2 C:\Users\merbo\Local Sites\photo-events\app\public\wp-load.php(50): require_once('C:\\Users\\merbo\\...')
#3 C:\Users\merbo\Local Sites\photo-events\app\public\wp-admin\admin-ajax.php(22): require_once('C:\\Users\\merbo\\...')
#4 {main}
  thrown in C:\Users\merbo\Local Sites\photo-events\app\public\wp-content\themes\photos-events\functions.php on line 129
[13-Dec-2023 22:13:52 UTC] PHP Warning:  require(C:\Users\merbo\Local Sites\photo-events\app\public/wp-content/themes/photos-events/inc/custom-header.php): Failed to open stream: No such file or directory in C:\Users\merbo\Local Sites\photo-events\app\public\wp-content\themes\photos-events\functions.php on line 129
[13-Dec-2023 22:13:52 UTC] PHP Fatal error:  Uncaught Error: Failed opening required 'C:\Users\merbo\Local Sites\photo-events\app\public/wp-content/themes/photos-events/inc/custom-header.php' (include_path='.:/usr/share/php:/www/wp-content/pear') in C:\Users\merbo\Local Sites\photo-events\app\public\wp-content\themes\photos-events\functions.php:129
Stack trace:
#0 C:\Users\merbo\Local Sites\photo-events\app\public\wp-settings.php(611): include()
#1 C:\Users\merbo\Local Sites\photo-events\app\public\wp-config.php(103): require_once('C:\\Users\\merbo\\...')
#2 C:\Users\merbo\Local Sites\photo-events\app\public\wp-load.php(50): require_once('C:\\Users\\merbo\\...')
#3 C:\Users\merbo\Local Sites\photo-events\app\public\wp-blog-header.php(13): require_once('C:\\Users\\merbo\\...')
#4 C:\Users\merbo\Local Sites\photo-events\app\public\index.php(17): require('C:\\Users\\merbo\\...')
#5 {main}
  thrown in C:\Users\merbo\Local Sites\photo-events\app\public\wp-content\themes\photos-events\functions.php on line 129
[13-Dec-2023 22:13:54 UTC] PHP Warning:  require(C:\Users\merbo\Local Sites\photo-events\app\public/wp-content/themes/photos-events/inc/custom-header.php): Failed to open stream: No such file or directory in C:\Users\merbo\Local Sites\photo-events\app\public\wp-content\themes\photos-events\functions.php on line 129
[13-Dec-2023 22:13:54 UTC] PHP Fatal error:  Uncaught Error: Failed opening required 'C:\Users\merbo\Local Sites\photo-events\app\public/wp-content/themes/photos-events/inc/custom-header.php' (include_path='.:/usr/share/php:/www/wp-content/pear') in C:\Users\merbo\Local Sites\photo-events\app\public\wp-content\themes\photos-events\functions.php:129
Stack trace:
#0 C:\Users\merbo\Local Sites\photo-events\app\public\wp-settings.php(611): include()
#1 C:\Users\merbo\Local Sites\photo-events\app\public\wp-config.php(103): require_once('C:\\Users\\merbo\\...')
#2 C:\Users\merbo\Local Sites\photo-events\app\public\wp-load.php(50): require_once('C:\\Users\\merbo\\...')
#3 C:\Users\merbo\Local Sites\photo-events\app\public\wp-blog-header.php(13): require_once('C:\\Users\\merbo\\...')
#4 C:\Users\merbo\Local Sites\photo-events\app\public\index.php(17): require('C:\\Users\\merbo\\...')
#5 {main}
  thrown in C:\Users\merbo\Local Sites\photo-events\app\public\wp-content\themes\photos-events\functions.php on line 129
[13-Dec-2023 22:13:54 UTC] PHP Warning:  require(C:\Users\merbo\Local Sites\photo-events\app\public/wp-content/themes/photos-events/inc/custom-header.php): Failed to open stream: No such file or directory in C:\Users\merbo\Local Sites\photo-events\app\public\wp-content\themes\photos-events\functions.php on line 129
[13-Dec-2023 22:13:54 UTC] PHP Fatal error:  Uncaught Error: Failed opening required 'C:\Users\merbo\Local Sites\photo-events\app\public/wp-content/themes/photos-events/inc/custom-header.php' (include_path='.:/usr/share/php:/www/wp-content/pear') in C:\Users\merbo\Local Sites\photo-events\app\public\wp-content\themes\photos-events\functions.php:129
Stack trace:
#0 C:\Users\merbo\Local Sites\photo-events\app\public\wp-settings.php(611): include()
#1 C:\Users\merbo\Local Sites\photo-events\app\public\wp-config.php(103): require_once('C:\\Users\\merbo\\...')
#2 C:\Users\merbo\Local Sites\photo-events\app\public\wp-load.php(50): require_once('C:\\Users\\merbo\\...')
#3 C:\Users\merbo\Local Sites\photo-events\app\public\wp-blog-header.php(13): require_once('C:\\Users\\merbo\\...')
#4 C:\Users\merbo\Local Sites\photo-events\app\public\index.php(17): require('C:\\Users\\merbo\\...')
#5 {main}
  thrown in C:\Users\merbo\Local Sites\photo-events\app\public\wp-content\themes\photos-events\functions.php on line 129
[13-Dec-2023 22:14:02 UTC] PHP Warning:  require(C:\Users\merbo\Local Sites\photo-events\app\public/wp-content/themes/photos-events/inc/custom-header.php): Failed to open stream: No such file or directory in C:\Users\merbo\Local Sites\photo-events\app\public\wp-content\themes\photos-events\functions.php on line 129
[13-Dec-2023 22:14:02 UTC] PHP Fatal error:  Uncaught Error: Failed opening required 'C:\Users\merbo\Local Sites\photo-events\app\public/wp-content/themes/photos-events/inc/custom-header.php' (include_path='.:/usr/share/php:/www/wp-content/pear') in C:\Users\merbo\Local Sites\photo-events\app\public\wp-content\themes\photos-events\functions.php:129
Stack trace:
#0 C:\Users\merbo\Local Sites\photo-events\app\public\wp-settings.php(611): include()
#1 C:\Users\merbo\Local Sites\photo-events\app\public\wp-config.php(103): require_once('C:\\Users\\merbo\\...')
#2 C:\Users\merbo\Local Sites\photo-events\app\public\wp-load.php(50): require_once('C:\\Users\\merbo\\...')
#3 C:\Users\merbo\Local Sites\photo-events\app\public\wp-admin\admin.php(34): require_once('C:\\Users\\merbo\\...')
#4 C:\Users\merbo\Local Sites\photo-events\app\public\wp-admin\index.php(10): require_once('C:\\Users\\merbo\\...')
#5 {main}
  thrown in C:\Users\merbo\Local Sites\photo-events\app\public\wp-content\themes\photos-events\functions.php on line 129
[13-Dec-2023 22:14:04 UTC] PHP Warning:  require(C:\Users\merbo\Local Sites\photo-events\app\public/wp-content/themes/photos-events/inc/custom-header.php): Failed to open stream: No such file or directory in C:\Users\merbo\Local Sites\photo-events\app\public\wp-content\themes\photos-events\functions.php on line 129
[13-Dec-2023 22:14:04 UTC] PHP Fatal error:  Uncaught Error: Failed opening required 'C:\Users\merbo\Local Sites\photo-events\app\public/wp-content/themes/photos-events/inc/custom-header.php' (include_path='.:/usr/share/php:/www/wp-content/pear') in C:\Users\merbo\Local Sites\photo-events\app\public\wp-content\themes\photos-events\functions.php:129
Stack trace:
#0 C:\Users\merbo\Local Sites\photo-events\app\public\wp-settings.php(611): include()
#1 C:\Users\merbo\Local Sites\photo-events\app\public\wp-config.php(103): require_once('C:\\Users\\merbo\\...')
#2 C:\Users\merbo\Local Sites\photo-events\app\public\wp-load.php(50): require_once('C:\\Users\\merbo\\...')
#3 C:\Users\merbo\Local Sites\photo-events\app\public\wp-blog-header.php(13): require_once('C:\\Users\\merbo\\...')
#4 C:\Users\merbo\Local Sites\photo-events\app\public\index.php(17): require('C:\\Users\\merbo\\...')
#5 {main}
  thrown in C:\Users\merbo\Local Sites\photo-events\app\public\wp-content\themes\photos-events\functions.php on line 129
[14-Dec-2023 08:41:28 UTC] PHP Warning:  Trying to access array offset on value of type bool in C:\Users\merbo\Local Sites\photo-events\app\public\wp-content\themes\photos-events\front-page.php on line 34
[14-Dec-2023 08:41:28 UTC] PHP Warning:  Trying to access array offset on value of type bool in C:\Users\merbo\Local Sites\photo-events\app\public\wp-content\themes\photos-events\front-page.php on line 34
[14-Dec-2023 08:41:28 UTC] PHP Warning:  Trying to access array offset on value of type bool in C:\Users\merbo\Local Sites\photo-events\app\public\wp-content\themes\photos-events\front-page.php on line 34
[14-Dec-2023 08:41:28 UTC] PHP Warning:  Trying to access array offset on value of type bool in C:\Users\merbo\Local Sites\photo-events\app\public\wp-content\themes\photos-events\front-page.php on line 34
[14-Dec-2023 08:41:28 UTC] PHP Warning:  Trying to access array offset on value of type bool in C:\Users\merbo\Local Sites\photo-events\app\public\wp-content\themes\photos-events\front-page.php on line 34
[14-Dec-2023 08:41:28 UTC] PHP Warning:  Trying to access array offset on value of type bool in C:\Users\merbo\Local Sites\photo-events\app\public\wp-content\themes\photos-events\front-page.php on line 34
[14-Dec-2023 08:41:28 UTC] PHP Warning:  Trying to access array offset on value of type bool in C:\Users\merbo\Local Sites\photo-events\app\public\wp-content\themes\photos-events\front-page.php on line 34
[14-Dec-2023 08:41:28 UTC] PHP Warning:  Trying to access array offset on value of type bool in C:\Users\merbo\Local Sites\photo-events\app\public\wp-content\themes\photos-events\front-page.php on line 34
[14-Dec-2023 08:42:53 UTC] PHP Warning:  Trying to access array offset on value of type bool in C:\Users\merbo\Local Sites\photo-events\app\public\wp-content\themes\photos-events\front-page.php on line 35
[14-Dec-2023 08:42:53 UTC] PHP Warning:  Trying to access array offset on value of type bool in C:\Users\merbo\Local Sites\photo-events\app\public\wp-content\themes\photos-events\front-page.php on line 35
[14-Dec-2023 08:42:53 UTC] PHP Warning:  Trying to access array offset on value of type bool in C:\Users\merbo\Local Sites\photo-events\app\public\wp-content\themes\photos-events\front-page.php on line 35
[14-Dec-2023 08:42:53 UTC] PHP Warning:  Trying to access array offset on value of type bool in C:\Users\merbo\Local Sites\photo-events\app\public\wp-content\themes\photos-events\front-page.php on line 35
[14-Dec-2023 08:42:53 UTC] PHP Warning:  Trying to access array offset on value of type bool in C:\Users\merbo\Local Sites\photo-events\app\public\wp-content\themes\photos-events\front-page.php on line 35
[14-Dec-2023 08:42:53 UTC] PHP Warning:  Trying to access array offset on value of type bool in C:\Users\merbo\Local Sites\photo-events\app\public\wp-content\themes\photos-events\front-page.php on line 35
[14-Dec-2023 08:42:53 UTC] PHP Warning:  Trying to access array offset on value of type bool in C:\Users\merbo\Local Sites\photo-events\app\public\wp-content\themes\photos-events\front-page.php on line 35
[14-Dec-2023 08:42:53 UTC] PHP Warning:  Trying to access array offset on value of type bool in C:\Users\merbo\Local Sites\photo-events\app\public\wp-content\themes\photos-events\front-page.php on line 35
[14-Dec-2023 08:42:55 UTC] PHP Warning:  Trying to access array offset on value of type bool in C:\Users\merbo\Local Sites\photo-events\app\public\wp-content\themes\photos-events\front-page.php on line 35
[14-Dec-2023 08:42:55 UTC] PHP Warning:  Trying to access array offset on value of type bool in C:\Users\merbo\Local Sites\photo-events\app\public\wp-content\themes\photos-events\front-page.php on line 35
[14-Dec-2023 08:42:55 UTC] PHP Warning:  Trying to access array offset on value of type bool in C:\Users\merbo\Local Sites\photo-events\app\public\wp-content\themes\photos-events\front-page.php on line 35
[14-Dec-2023 08:42:55 UTC] PHP Warning:  Trying to access array offset on value of type bool in C:\Users\merbo\Local Sites\photo-events\app\public\wp-content\themes\photos-events\front-page.php on line 35
[14-Dec-2023 08:42:55 UTC] PHP Warning:  Trying to access array offset on value of type bool in C:\Users\merbo\Local Sites\photo-events\app\public\wp-content\themes\photos-events\front-page.php on line 35
[14-Dec-2023 08:42:55 UTC] PHP Warning:  Trying to access array offset on value of type bool in C:\Users\merbo\Local Sites\photo-events\app\public\wp-content\themes\photos-events\front-page.php on line 35
[14-Dec-2023 08:42:55 UTC] PHP Warning:  Trying to access array offset on value of type bool in C:\Users\merbo\Local Sites\photo-events\app\public\wp-content\themes\photos-events\front-page.php on line 35
[14-Dec-2023 08:42:55 UTC] PHP Warning:  Trying to access array offset on value of type bool in C:\Users\merbo\Local Sites\photo-events\app\public\wp-content\themes\photos-events\front-page.php on line 35
[14-Dec-2023 08:42:57 UTC] PHP Warning:  Trying to access array offset on value of type bool in C:\Users\merbo\Local Sites\photo-events\app\public\wp-content\themes\photos-events\front-page.php on line 35
[14-Dec-2023 08:42:57 UTC] PHP Warning:  Trying to access array offset on value of type bool in C:\Users\merbo\Local Sites\photo-events\app\public\wp-content\themes\photos-events\front-page.php on line 35
[14-Dec-2023 08:42:57 UTC] PHP Warning:  Trying to access array offset on value of type bool in C:\Users\merbo\Local Sites\photo-events\app\public\wp-content\themes\photos-events\front-page.php on line 35
[14-Dec-2023 08:42:57 UTC] PHP Warning:  Trying to access array offset on value of type bool in C:\Users\merbo\Local Sites\photo-events\app\public\wp-content\themes\photos-events\front-page.php on line 35
[14-Dec-2023 08:42:57 UTC] PHP Warning:  Trying to access array offset on value of type bool in C:\Users\merbo\Local Sites\photo-events\app\public\wp-content\themes\photos-events\front-page.php on line 35
[14-Dec-2023 08:42:57 UTC] PHP Warning:  Trying to access array offset on value of type bool in C:\Users\merbo\Local Sites\photo-events\app\public\wp-content\themes\photos-events\front-page.php on line 35
[14-Dec-2023 08:42:57 UTC] PHP Warning:  Trying to access array offset on value of type bool in C:\Users\merbo\Local Sites\photo-events\app\public\wp-content\themes\photos-events\front-page.php on line 35
[14-Dec-2023 08:42:57 UTC] PHP Warning:  Trying to access array offset on value of type bool in C:\Users\merbo\Local Sites\photo-events\app\public\wp-content\themes\photos-events\front-page.php on line 35
[14-Dec-2023 08:43:29 UTC] PHP Warning:  Trying to access array offset on value of type bool in C:\Users\merbo\Local Sites\photo-events\app\public\wp-content\themes\photos-events\front-page.php on line 35
[14-Dec-2023 08:43:29 UTC] PHP Warning:  Trying to access array offset on value of type bool in C:\Users\merbo\Local Sites\photo-events\app\public\wp-content\themes\photos-events\front-page.php on line 35
[14-Dec-2023 08:43:29 UTC] PHP Warning:  Trying to access array offset on value of type bool in C:\Users\merbo\Local Sites\photo-events\app\public\wp-content\themes\photos-events\front-page.php on line 35
[14-Dec-2023 08:43:29 UTC] PHP Warning:  Trying to access array offset on value of type bool in C:\Users\merbo\Local Sites\photo-events\app\public\wp-content\themes\photos-events\front-page.php on line 35
[14-Dec-2023 08:43:29 UTC] PHP Warning:  Trying to access array offset on value of type bool in C:\Users\merbo\Local Sites\photo-events\app\public\wp-content\themes\photos-events\front-page.php on line 35
[14-Dec-2023 08:43:29 UTC] PHP Warning:  Trying to access array offset on value of type bool in C:\Users\merbo\Local Sites\photo-events\app\public\wp-content\themes\photos-events\front-page.php on line 35
[14-Dec-2023 08:43:29 UTC] PHP Warning:  Trying to access array offset on value of type bool in C:\Users\merbo\Local Sites\photo-events\app\public\wp-content\themes\photos-events\front-page.php on line 35
[14-Dec-2023 08:43:29 UTC] PHP Warning:  Trying to access array offset on value of type bool in C:\Users\merbo\Local Sites\photo-events\app\public\wp-content\themes\photos-events\front-page.php on line 35
[14-Dec-2023 08:43:31 UTC] PHP Warning:  Trying to access array offset on value of type bool in C:\Users\merbo\Local Sites\photo-events\app\public\wp-content\themes\photos-events\front-page.php on line 35
[14-Dec-2023 08:43:31 UTC] PHP Warning:  Trying to access array offset on value of type bool in C:\Users\merbo\Local Sites\photo-events\app\public\wp-content\themes\photos-events\front-page.php on line 35
[14-Dec-2023 08:43:31 UTC] PHP Warning:  Trying to access array offset on value of type bool in C:\Users\merbo\Local Sites\photo-events\app\public\wp-content\themes\photos-events\front-page.php on line 35
[14-Dec-2023 08:43:31 UTC] PHP Warning:  Trying to access array offset on value of type bool in C:\Users\merbo\Local Sites\photo-events\app\public\wp-content\themes\photos-events\front-page.php on line 35
[14-Dec-2023 08:43:31 UTC] PHP Warning:  Trying to access array offset on value of type bool in C:\Users\merbo\Local Sites\photo-events\app\public\wp-content\themes\photos-events\front-page.php on line 35
[14-Dec-2023 08:43:31 UTC] PHP Warning:  Trying to access array offset on value of type bool in C:\Users\merbo\Local Sites\photo-events\app\public\wp-content\themes\photos-events\front-page.php on line 35
[14-Dec-2023 08:43:31 UTC] PHP Warning:  Trying to access array offset on value of type bool in C:\Users\merbo\Local Sites\photo-events\app\public\wp-content\themes\photos-events\front-page.php on line 35
[14-Dec-2023 08:43:31 UTC] PHP Warning:  Trying to access array offset on value of type bool in C:\Users\merbo\Local Sites\photo-events\app\public\wp-content\themes\photos-events\front-page.php on line 35
[14-Dec-2023 08:53:35 UTC] PHP Warning:  Trying to access array offset on value of type bool in C:\Users\merbo\Local Sites\photo-events\app\public\wp-content\themes\photos-events\front-page.php on line 32
[14-Dec-2023 08:53:35 UTC] PHP Warning:  Trying to access array offset on value of type bool in C:\Users\merbo\Local Sites\photo-events\app\public\wp-content\themes\photos-events\front-page.php on line 32
[14-Dec-2023 08:53:35 UTC] PHP Warning:  Trying to access array offset on value of type bool in C:\Users\merbo\Local Sites\photo-events\app\public\wp-content\themes\photos-events\front-page.php on line 32
[14-Dec-2023 08:53:35 UTC] PHP Warning:  Trying to access array offset on value of type bool in C:\Users\merbo\Local Sites\photo-events\app\public\wp-content\themes\photos-events\front-page.php on line 32
[14-Dec-2023 08:53:35 UTC] PHP Warning:  Trying to access array offset on value of type bool in C:\Users\merbo\Local Sites\photo-events\app\public\wp-content\themes\photos-events\front-page.php on line 32
[14-Dec-2023 08:53:35 UTC] PHP Warning:  Trying to access array offset on value of type bool in C:\Users\merbo\Local Sites\photo-events\app\public\wp-content\themes\photos-events\front-page.php on line 32
[14-Dec-2023 08:53:35 UTC] PHP Warning:  Trying to access array offset on value of type bool in C:\Users\merbo\Local Sites\photo-events\app\public\wp-content\themes\photos-events\front-page.php on line 32
[14-Dec-2023 08:53:35 UTC] PHP Warning:  Trying to access array offset on value of type bool in C:\Users\merbo\Local Sites\photo-events\app\public\wp-content\themes\photos-events\front-page.php on line 32
[14-Dec-2023 08:55:06 UTC] PHP Warning:  Trying to access array offset on value of type bool in C:\Users\merbo\Local Sites\photo-events\app\public\wp-content\themes\photos-events\front-page.php on line 31
[14-Dec-2023 08:55:06 UTC] PHP Warning:  Trying to access array offset on value of type bool in C:\Users\merbo\Local Sites\photo-events\app\public\wp-content\themes\photos-events\front-page.php on line 31
[14-Dec-2023 08:55:06 UTC] PHP Warning:  Trying to access array offset on value of type bool in C:\Users\merbo\Local Sites\photo-events\app\public\wp-content\themes\photos-events\front-page.php on line 31
[14-Dec-2023 08:55:06 UTC] PHP Warning:  Trying to access array offset on value of type bool in C:\Users\merbo\Local Sites\photo-events\app\public\wp-content\themes\photos-events\front-page.php on line 31
[14-Dec-2023 08:55:06 UTC] PHP Warning:  Trying to access array offset on value of type bool in C:\Users\merbo\Local Sites\photo-events\app\public\wp-content\themes\photos-events\front-page.php on line 31
[14-Dec-2023 08:55:06 UTC] PHP Warning:  Trying to access array offset on value of type bool in C:\Users\merbo\Local Sites\photo-events\app\public\wp-content\themes\photos-events\front-page.php on line 31
[14-Dec-2023 08:55:06 UTC] PHP Warning:  Trying to access array offset on value of type bool in C:\Users\merbo\Local Sites\photo-events\app\public\wp-content\themes\photos-events\front-page.php on line 31
[14-Dec-2023 08:55:06 UTC] PHP Warning:  Trying to access array offset on value of type bool in C:\Users\merbo\Local Sites\photo-events\app\public\wp-content\themes\photos-events\front-page.php on line 31
[14-Dec-2023 08:55:08 UTC] PHP Warning:  Trying to access array offset on value of type bool in C:\Users\merbo\Local Sites\photo-events\app\public\wp-content\themes\photos-events\front-page.php on line 31
[14-Dec-2023 08:55:08 UTC] PHP Warning:  Trying to access array offset on value of type bool in C:\Users\merbo\Local Sites\photo-events\app\public\wp-content\themes\photos-events\front-page.php on line 31
[14-Dec-2023 08:55:08 UTC] PHP Warning:  Trying to access array offset on value of type bool in C:\Users\merbo\Local Sites\photo-events\app\public\wp-content\themes\photos-events\front-page.php on line 31
[14-Dec-2023 08:55:08 UTC] PHP Warning:  Trying to access array offset on value of type bool in C:\Users\merbo\Local Sites\photo-events\app\public\wp-content\themes\photos-events\front-page.php on line 31
[14-Dec-2023 08:55:08 UTC] PHP Warning:  Trying to access array offset on value of type bool in C:\Users\merbo\Local Sites\photo-events\app\public\wp-content\themes\photos-events\front-page.php on line 31
[14-Dec-2023 08:55:08 UTC] PHP Warning:  Trying to access array offset on value of type bool in C:\Users\merbo\Local Sites\photo-events\app\public\wp-content\themes\photos-events\front-page.php on line 31
[14-Dec-2023 08:55:08 UTC] PHP Warning:  Trying to access array offset on value of type bool in C:\Users\merbo\Local Sites\photo-events\app\public\wp-content\themes\photos-events\front-page.php on line 31
[14-Dec-2023 08:55:08 UTC] PHP Warning:  Trying to access array offset on value of type bool in C:\Users\merbo\Local Sites\photo-events\app\public\wp-content\themes\photos-events\front-page.php on line 31
[14-Dec-2023 08:55:09 UTC] PHP Warning:  Trying to access array offset on value of type bool in C:\Users\merbo\Local Sites\photo-events\app\public\wp-content\themes\photos-events\front-page.php on line 31
[14-Dec-2023 08:55:09 UTC] PHP Warning:  Trying to access array offset on value of type bool in C:\Users\merbo\Local Sites\photo-events\app\public\wp-content\themes\photos-events\front-page.php on line 31
[14-Dec-2023 08:55:09 UTC] PHP Warning:  Trying to access array offset on value of type bool in C:\Users\merbo\Local Sites\photo-events\app\public\wp-content\themes\photos-events\front-page.php on line 31
[14-Dec-2023 08:55:09 UTC] PHP Warning:  Trying to access array offset on value of type bool in C:\Users\merbo\Local Sites\photo-events\app\public\wp-content\themes\photos-events\front-page.php on line 31
[14-Dec-2023 08:55:09 UTC] PHP Warning:  Trying to access array offset on value of type bool in C:\Users\merbo\Local Sites\photo-events\app\public\wp-content\themes\photos-events\front-page.php on line 31
[14-Dec-2023 08:55:09 UTC] PHP Warning:  Trying to access array offset on value of type bool in C:\Users\merbo\Local Sites\photo-events\app\public\wp-content\themes\photos-events\front-page.php on line 31
[14-Dec-2023 08:55:09 UTC] PHP Warning:  Trying to access array offset on value of type bool in C:\Users\merbo\Local Sites\photo-events\app\public\wp-content\themes\photos-events\front-page.php on line 31
[14-Dec-2023 08:55:09 UTC] PHP Warning:  Trying to access array offset on value of type bool in C:\Users\merbo\Local Sites\photo-events\app\public\wp-content\themes\photos-events\front-page.php on line 31
[14-Dec-2023 08:57:17 UTC] PHP Warning:  Trying to access array offset on value of type bool in C:\Users\merbo\Local Sites\photo-events\app\public\wp-content\themes\photos-events\front-page.php on line 32
[14-Dec-2023 08:57:17 UTC] PHP Warning:  Trying to access array offset on value of type bool in C:\Users\merbo\Local Sites\photo-events\app\public\wp-content\themes\photos-events\front-page.php on line 32
[14-Dec-2023 08:57:17 UTC] PHP Warning:  Trying to access array offset on value of type bool in C:\Users\merbo\Local Sites\photo-events\app\public\wp-content\themes\photos-events\front-page.php on line 32
[14-Dec-2023 08:57:17 UTC] PHP Warning:  Trying to access array offset on value of type bool in C:\Users\merbo\Local Sites\photo-events\app\public\wp-content\themes\photos-events\front-page.php on line 32
[14-Dec-2023 08:57:17 UTC] PHP Warning:  Trying to access array offset on value of type bool in C:\Users\merbo\Local Sites\photo-events\app\public\wp-content\themes\photos-events\front-page.php on line 32
[14-Dec-2023 08:57:17 UTC] PHP Warning:  Trying to access array offset on value of type bool in C:\Users\merbo\Local Sites\photo-events\app\public\wp-content\themes\photos-events\front-page.php on line 32
[14-Dec-2023 08:57:17 UTC] PHP Warning:  Trying to access array offset on value of type bool in C:\Users\merbo\Local Sites\photo-events\app\public\wp-content\themes\photos-events\front-page.php on line 32
[14-Dec-2023 08:57:17 UTC] PHP Warning:  Trying to access array offset on value of type bool in C:\Users\merbo\Local Sites\photo-events\app\public\wp-content\themes\photos-events\front-page.php on line 32
[14-Dec-2023 09:09:49 UTC] PHP Warning:  Trying to access array offset on value of type bool in C:\Users\merbo\Local Sites\photo-events\app\public\wp-content\themes\photos-events\front-page.php on line 32
[14-Dec-2023 09:09:49 UTC] PHP Warning:  Trying to access array offset on value of type bool in C:\Users\merbo\Local Sites\photo-events\app\public\wp-content\themes\photos-events\front-page.php on line 32
[14-Dec-2023 09:09:49 UTC] PHP Warning:  Trying to access array offset on value of type bool in C:\Users\merbo\Local Sites\photo-events\app\public\wp-content\themes\photos-events\front-page.php on line 32
[14-Dec-2023 09:09:49 UTC] PHP Warning:  Trying to access array offset on value of type bool in C:\Users\merbo\Local Sites\photo-events\app\public\wp-content\themes\photos-events\front-page.php on line 32
[14-Dec-2023 09:09:49 UTC] PHP Warning:  Trying to access array offset on value of type bool in C:\Users\merbo\Local Sites\photo-events\app\public\wp-content\themes\photos-events\front-page.php on line 32
[14-Dec-2023 09:09:49 UTC] PHP Warning:  Trying to access array offset on value of type bool in C:\Users\merbo\Local Sites\photo-events\app\public\wp-content\themes\photos-events\front-page.php on line 32
[14-Dec-2023 09:09:49 UTC] PHP Warning:  Trying to access array offset on value of type bool in C:\Users\merbo\Local Sites\photo-events\app\public\wp-content\themes\photos-events\front-page.php on line 32
[14-Dec-2023 09:09:49 UTC] PHP Warning:  Trying to access array offset on value of type bool in C:\Users\merbo\Local Sites\photo-events\app\public\wp-content\themes\photos-events\front-page.php on line 32
[14-Dec-2023 09:57:56 UTC] PHP Warning:  Attempt to read property "slug" on array in C:\Users\merbo\Local Sites\photo-events\app\public\wp-content\themes\photos-events\front-page.php on line 24
[14-Dec-2023 09:57:56 UTC] PHP Warning:  Attempt to read property "name" on array in C:\Users\merbo\Local Sites\photo-events\app\public\wp-content\themes\photos-events\front-page.php on line 24
[14-Dec-2023 09:57:56 UTC] PHP Warning:  Attempt to read property "slug" on array in C:\Users\merbo\Local Sites\photo-events\app\public\wp-content\themes\photos-events\front-page.php on line 24
[14-Dec-2023 09:57:56 UTC] PHP Warning:  Attempt to read property "name" on array in C:\Users\merbo\Local Sites\photo-events\app\public\wp-content\themes\photos-events\front-page.php on line 24
[14-Dec-2023 09:58:22 UTC] PHP Warning:  Attempt to read property "slug" on array in C:\Users\merbo\Local Sites\photo-events\app\public\wp-content\themes\photos-events\front-page.php on line 23
[14-Dec-2023 09:58:22 UTC] PHP Warning:  Attempt to read property "name" on array in C:\Users\merbo\Local Sites\photo-events\app\public\wp-content\themes\photos-events\front-page.php on line 23
[14-Dec-2023 09:58:22 UTC] PHP Warning:  Attempt to read property "slug" on array in C:\Users\merbo\Local Sites\photo-events\app\public\wp-content\themes\photos-events\front-page.php on line 23
[14-Dec-2023 09:58:22 UTC] PHP Warning:  Attempt to read property "name" on array in C:\Users\merbo\Local Sites\photo-events\app\public\wp-content\themes\photos-events\front-page.php on line 23
[14-Dec-2023 10:00:39 UTC] PHP Warning:  Attempt to read property "slug" on array in C:\Users\merbo\Local Sites\photo-events\app\public\wp-content\themes\photos-events\front-page.php on line 23
[14-Dec-2023 10:00:39 UTC] PHP Warning:  Attempt to read property "name" on array in C:\Users\merbo\Local Sites\photo-events\app\public\wp-content\themes\photos-events\front-page.php on line 23
[14-Dec-2023 10:00:39 UTC] PHP Warning:  Attempt to read property "slug" on array in C:\Users\merbo\Local Sites\photo-events\app\public\wp-content\themes\photos-events\front-page.php on line 23
[14-Dec-2023 10:00:39 UTC] PHP Warning:  Attempt to read property "name" on array in C:\Users\merbo\Local Sites\photo-events\app\public\wp-content\themes\photos-events\front-page.php on line 23
[14-Dec-2023 13:45:28 UTC] PHP Warning:  foreach() argument must be of type array|object, string given in C:\Users\merbo\Local Sites\photo-events\app\public\wp-content\themes\photos-events\front-page.php on line 59
[14-Dec-2023 13:45:28 UTC] PHP Warning:  foreach() argument must be of type array|object, string given in C:\Users\merbo\Local Sites\photo-events\app\public\wp-content\themes\photos-events\front-page.php on line 59
[14-Dec-2023 13:45:28 UTC] PHP Warning:  foreach() argument must be of type array|object, string given in C:\Users\merbo\Local Sites\photo-events\app\public\wp-content\themes\photos-events\front-page.php on line 59
[14-Dec-2023 13:45:28 UTC] PHP Warning:  foreach() argument must be of type array|object, string given in C:\Users\merbo\Local Sites\photo-events\app\public\wp-content\themes\photos-events\front-page.php on line 59
[14-Dec-2023 13:45:28 UTC] PHP Warning:  foreach() argument must be of type array|object, string given in C:\Users\merbo\Local Sites\photo-events\app\public\wp-content\themes\photos-events\front-page.php on line 59
[14-Dec-2023 13:45:28 UTC] PHP Warning:  foreach() argument must be of type array|object, string given in C:\Users\merbo\Local Sites\photo-events\app\public\wp-content\themes\photos-events\front-page.php on line 59
[14-Dec-2023 13:45:28 UTC] PHP Warning:  foreach() argument must be of type array|object, string given in C:\Users\merbo\Local Sites\photo-events\app\public\wp-content\themes\photos-events\front-page.php on line 59
[14-Dec-2023 13:45:28 UTC] PHP Warning:  foreach() argument must be of type array|object, string given in C:\Users\merbo\Local Sites\photo-events\app\public\wp-content\themes\photos-events\front-page.php on line 59
[14-Dec-2023 13:45:28 UTC] PHP Warning:  foreach() argument must be of type array|object, string given in C:\Users\merbo\Local Sites\photo-events\app\public\wp-content\themes\photos-events\front-page.php on line 59
[14-Dec-2023 13:45:28 UTC] PHP Warning:  foreach() argument must be of type array|object, string given in C:\Users\merbo\Local Sites\photo-events\app\public\wp-content\themes\photos-events\front-page.php on line 59
[14-Dec-2023 13:45:28 UTC] PHP Warning:  foreach() argument must be of type array|object, string given in C:\Users\merbo\Local Sites\photo-events\app\public\wp-content\themes\photos-events\front-page.php on line 59
[14-Dec-2023 13:45:28 UTC] PHP Warning:  foreach() argument must be of type array|object, string given in C:\Users\merbo\Local Sites\photo-events\app\public\wp-content\themes\photos-events\front-page.php on line 59
[14-Dec-2023 13:45:28 UTC] PHP Warning:  foreach() argument must be of type array|object, string given in C:\Users\merbo\Local Sites\photo-events\app\public\wp-content\themes\photos-events\front-page.php on line 59
[14-Dec-2023 13:45:28 UTC] PHP Warning:  foreach() argument must be of type array|object, string given in C:\Users\merbo\Local Sites\photo-events\app\public\wp-content\themes\photos-events\front-page.php on line 59
[14-Dec-2023 13:45:28 UTC] PHP Warning:  foreach() argument must be of type array|object, string given in C:\Users\merbo\Local Sites\photo-events\app\public\wp-content\themes\photos-events\front-page.php on line 59
[14-Dec-2023 13:45:28 UTC] PHP Warning:  foreach() argument must be of type array|object, string given in C:\Users\merbo\Local Sites\photo-events\app\public\wp-content\themes\photos-events\front-page.php on line 59
[14-Dec-2023 13:45:32 UTC] PHP Warning:  foreach() argument must be of type array|object, string given in C:\Users\merbo\Local Sites\photo-events\app\public\wp-content\themes\photos-events\front-page.php on line 59
[14-Dec-2023 13:45:32 UTC] PHP Warning:  foreach() argument must be of type array|object, string given in C:\Users\merbo\Local Sites\photo-events\app\public\wp-content\themes\photos-events\front-page.php on line 59
[14-Dec-2023 13:45:32 UTC] PHP Warning:  foreach() argument must be of type array|object, string given in C:\Users\merbo\Local Sites\photo-events\app\public\wp-content\themes\photos-events\front-page.php on line 59
[14-Dec-2023 13:45:32 UTC] PHP Warning:  foreach() argument must be of type array|object, string given in C:\Users\merbo\Local Sites\photo-events\app\public\wp-content\themes\photos-events\front-page.php on line 59
[14-Dec-2023 13:45:32 UTC] PHP Warning:  foreach() argument must be of type array|object, string given in C:\Users\merbo\Local Sites\photo-events\app\public\wp-content\themes\photos-events\front-page.php on line 59
[14-Dec-2023 13:45:32 UTC] PHP Warning:  foreach() argument must be of type array|object, string given in C:\Users\merbo\Local Sites\photo-events\app\public\wp-content\themes\photos-events\front-page.php on line 59
[14-Dec-2023 13:45:32 UTC] PHP Warning:  foreach() argument must be of type array|object, string given in C:\Users\merbo\Local Sites\photo-events\app\public\wp-content\themes\photos-events\front-page.php on line 59
[14-Dec-2023 13:45:32 UTC] PHP Warning:  foreach() argument must be of type array|object, string given in C:\Users\merbo\Local Sites\photo-events\app\public\wp-content\themes\photos-events\front-page.php on line 59
[14-Dec-2023 13:45:32 UTC] PHP Warning:  foreach() argument must be of type array|object, string given in C:\Users\merbo\Local Sites\photo-events\app\public\wp-content\themes\photos-events\front-page.php on line 59
[14-Dec-2023 13:45:32 UTC] PHP Warning:  foreach() argument must be of type array|object, string given in C:\Users\merbo\Local Sites\photo-events\app\public\wp-content\themes\photos-events\front-page.php on line 59
[14-Dec-2023 13:45:32 UTC] PHP Warning:  foreach() argument must be of type array|object, string given in C:\Users\merbo\Local Sites\photo-events\app\public\wp-content\themes\photos-events\front-page.php on line 59
[14-Dec-2023 13:45:32 UTC] PHP Warning:  foreach() argument must be of type array|object, string given in C:\Users\merbo\Local Sites\photo-events\app\public\wp-content\themes\photos-events\front-page.php on line 59
[14-Dec-2023 13:45:32 UTC] PHP Warning:  foreach() argument must be of type array|object, string given in C:\Users\merbo\Local Sites\photo-events\app\public\wp-content\themes\photos-events\front-page.php on line 59
[14-Dec-2023 13:45:32 UTC] PHP Warning:  foreach() argument must be of type array|object, string given in C:\Users\merbo\Local Sites\photo-events\app\public\wp-content\themes\photos-events\front-page.php on line 59
[14-Dec-2023 13:45:32 UTC] PHP Warning:  foreach() argument must be of type array|object, string given in C:\Users\merbo\Local Sites\photo-events\app\public\wp-content\themes\photos-events\front-page.php on line 59
[14-Dec-2023 13:45:32 UTC] PHP Warning:  foreach() argument must be of type array|object, string given in C:\Users\merbo\Local Sites\photo-events\app\public\wp-content\themes\photos-events\front-page.php on line 59
[14-Dec-2023 13:46:02 UTC] PHP Warning:  foreach() argument must be of type array|object, string given in C:\Users\merbo\Local Sites\photo-events\app\public\wp-content\themes\photos-events\front-page.php on line 59
[14-Dec-2023 13:46:02 UTC] PHP Warning:  foreach() argument must be of type array|object, string given in C:\Users\merbo\Local Sites\photo-events\app\public\wp-content\themes\photos-events\front-page.php on line 59
[14-Dec-2023 13:46:02 UTC] PHP Warning:  foreach() argument must be of type array|object, string given in C:\Users\merbo\Local Sites\photo-events\app\public\wp-content\themes\photos-events\front-page.php on line 59
[14-Dec-2023 13:46:02 UTC] PHP Warning:  foreach() argument must be of type array|object, string given in C:\Users\merbo\Local Sites\photo-events\app\public\wp-content\themes\photos-events\front-page.php on line 59
[14-Dec-2023 13:46:02 UTC] PHP Warning:  foreach() argument must be of type array|object, string given in C:\Users\merbo\Local Sites\photo-events\app\public\wp-content\themes\photos-events\front-page.php on line 59
[14-Dec-2023 13:46:02 UTC] PHP Warning:  foreach() argument must be of type array|object, string given in C:\Users\merbo\Local Sites\photo-events\app\public\wp-content\themes\photos-events\front-page.php on line 59
[14-Dec-2023 13:46:02 UTC] PHP Warning:  foreach() argument must be of type array|object, string given in C:\Users\merbo\Local Sites\photo-events\app\public\wp-content\themes\photos-events\front-page.php on line 59
[14-Dec-2023 13:46:02 UTC] PHP Warning:  foreach() argument must be of type array|object, string given in C:\Users\merbo\Local Sites\photo-events\app\public\wp-content\themes\photos-events\front-page.php on line 59
[14-Dec-2023 13:46:02 UTC] PHP Warning:  foreach() argument must be of type array|object, string given in C:\Users\merbo\Local Sites\photo-events\app\public\wp-content\themes\photos-events\front-page.php on line 59
[14-Dec-2023 13:46:02 UTC] PHP Warning:  foreach() argument must be of type array|object, string given in C:\Users\merbo\Local Sites\photo-events\app\public\wp-content\themes\photos-events\front-page.php on line 59
[14-Dec-2023 13:46:02 UTC] PHP Warning:  foreach() argument must be of type array|object, string given in C:\Users\merbo\Local Sites\photo-events\app\public\wp-content\themes\photos-events\front-page.php on line 59
[14-Dec-2023 13:46:02 UTC] PHP Warning:  foreach() argument must be of type array|object, string given in C:\Users\merbo\Local Sites\photo-events\app\public\wp-content\themes\photos-events\front-page.php on line 59
[14-Dec-2023 13:46:02 UTC] PHP Warning:  foreach() argument must be of type array|object, string given in C:\Users\merbo\Local Sites\photo-events\app\public\wp-content\themes\photos-events\front-page.php on line 59
[14-Dec-2023 13:46:02 UTC] PHP Warning:  foreach() argument must be of type array|object, string given in C:\Users\merbo\Local Sites\photo-events\app\public\wp-content\themes\photos-events\front-page.php on line 59
[14-Dec-2023 13:46:02 UTC] PHP Warning:  foreach() argument must be of type array|object, string given in C:\Users\merbo\Local Sites\photo-events\app\public\wp-content\themes\photos-events\front-page.php on line 59
[14-Dec-2023 13:46:02 UTC] PHP Warning:  foreach() argument must be of type array|object, string given in C:\Users\merbo\Local Sites\photo-events\app\public\wp-content\themes\photos-events\front-page.php on line 59
[14-Dec-2023 13:54:39 UTC] PHP Warning:  foreach() argument must be of type array|object, string given in C:\Users\merbo\Local Sites\photo-events\app\public\wp-content\themes\photos-events\front-page.php on line 59
[14-Dec-2023 13:54:39 UTC] PHP Warning:  foreach() argument must be of type array|object, string given in C:\Users\merbo\Local Sites\photo-events\app\public\wp-content\themes\photos-events\front-page.php on line 59
[14-Dec-2023 13:54:39 UTC] PHP Warning:  foreach() argument must be of type array|object, string given in C:\Users\merbo\Local Sites\photo-events\app\public\wp-content\themes\photos-events\front-page.php on line 59
[14-Dec-2023 13:54:39 UTC] PHP Warning:  foreach() argument must be of type array|object, string given in C:\Users\merbo\Local Sites\photo-events\app\public\wp-content\themes\photos-events\front-page.php on line 59
[14-Dec-2023 13:54:39 UTC] PHP Warning:  foreach() argument must be of type array|object, string given in C:\Users\merbo\Local Sites\photo-events\app\public\wp-content\themes\photos-events\front-page.php on line 59
[14-Dec-2023 13:54:39 UTC] PHP Warning:  foreach() argument must be of type array|object, string given in C:\Users\merbo\Local Sites\photo-events\app\public\wp-content\themes\photos-events\front-page.php on line 59
[14-Dec-2023 13:54:39 UTC] PHP Warning:  foreach() argument must be of type array|object, string given in C:\Users\merbo\Local Sites\photo-events\app\public\wp-content\themes\photos-events\front-page.php on line 59
[14-Dec-2023 13:54:39 UTC] PHP Warning:  foreach() argument must be of type array|object, string given in C:\Users\merbo\Local Sites\photo-events\app\public\wp-content\themes\photos-events\front-page.php on line 59
[14-Dec-2023 13:54:39 UTC] PHP Warning:  foreach() argument must be of type array|object, string given in C:\Users\merbo\Local Sites\photo-events\app\public\wp-content\themes\photos-events\front-page.php on line 59
[14-Dec-2023 13:54:39 UTC] PHP Warning:  foreach() argument must be of type array|object, string given in C:\Users\merbo\Local Sites\photo-events\app\public\wp-content\themes\photos-events\front-page.php on line 59
[14-Dec-2023 13:54:39 UTC] PHP Warning:  foreach() argument must be of type array|object, string given in C:\Users\merbo\Local Sites\photo-events\app\public\wp-content\themes\photos-events\front-page.php on line 59
[14-Dec-2023 13:54:39 UTC] PHP Warning:  foreach() argument must be of type array|object, string given in C:\Users\merbo\Local Sites\photo-events\app\public\wp-content\themes\photos-events\front-page.php on line 59
[14-Dec-2023 13:54:39 UTC] PHP Warning:  foreach() argument must be of type array|object, string given in C:\Users\merbo\Local Sites\photo-events\app\public\wp-content\themes\photos-events\front-page.php on line 59
[14-Dec-2023 13:54:39 UTC] PHP Warning:  foreach() argument must be of type array|object, string given in C:\Users\merbo\Local Sites\photo-events\app\public\wp-content\themes\photos-events\front-page.php on line 59
[14-Dec-2023 13:54:39 UTC] PHP Warning:  foreach() argument must be of type array|object, string given in C:\Users\merbo\Local Sites\photo-events\app\public\wp-content\themes\photos-events\front-page.php on line 59
[14-Dec-2023 13:54:39 UTC] PHP Warning:  foreach() argument must be of type array|object, string given in C:\Users\merbo\Local Sites\photo-events\app\public\wp-content\themes\photos-events\front-page.php on line 59
[14-Dec-2023 13:55:18 UTC] PHP Warning:  foreach() argument must be of type array|object, string given in C:\Users\merbo\Local Sites\photo-events\app\public\wp-content\themes\photos-events\front-page.php on line 59
[14-Dec-2023 13:55:18 UTC] PHP Warning:  foreach() argument must be of type array|object, string given in C:\Users\merbo\Local Sites\photo-events\app\public\wp-content\themes\photos-events\front-page.php on line 59
[14-Dec-2023 13:55:18 UTC] PHP Warning:  foreach() argument must be of type array|object, string given in C:\Users\merbo\Local Sites\photo-events\app\public\wp-content\themes\photos-events\front-page.php on line 59
[14-Dec-2023 13:55:18 UTC] PHP Warning:  foreach() argument must be of type array|object, string given in C:\Users\merbo\Local Sites\photo-events\app\public\wp-content\themes\photos-events\front-page.php on line 59
[14-Dec-2023 13:55:18 UTC] PHP Warning:  foreach() argument must be of type array|object, string given in C:\Users\merbo\Local Sites\photo-events\app\public\wp-content\themes\photos-events\front-page.php on line 59
[14-Dec-2023 13:55:18 UTC] PHP Warning:  foreach() argument must be of type array|object, string given in C:\Users\merbo\Local Sites\photo-events\app\public\wp-content\themes\photos-events\front-page.php on line 59
[14-Dec-2023 13:55:18 UTC] PHP Warning:  foreach() argument must be of type array|object, string given in C:\Users\merbo\Local Sites\photo-events\app\public\wp-content\themes\photos-events\front-page.php on line 59
[14-Dec-2023 13:55:18 UTC] PHP Warning:  foreach() argument must be of type array|object, string given in C:\Users\merbo\Local Sites\photo-events\app\public\wp-content\themes\photos-events\front-page.php on line 59
[14-Dec-2023 13:55:18 UTC] PHP Warning:  foreach() argument must be of type array|object, string given in C:\Users\merbo\Local Sites\photo-events\app\public\wp-content\themes\photos-events\front-page.php on line 59
[14-Dec-2023 13:55:18 UTC] PHP Warning:  foreach() argument must be of type array|object, string given in C:\Users\merbo\Local Sites\photo-events\app\public\wp-content\themes\photos-events\front-page.php on line 59
[14-Dec-2023 13:55:18 UTC] PHP Warning:  foreach() argument must be of type array|object, string given in C:\Users\merbo\Local Sites\photo-events\app\public\wp-content\themes\photos-events\front-page.php on line 59
[14-Dec-2023 13:55:18 UTC] PHP Warning:  foreach() argument must be of type array|object, string given in C:\Users\merbo\Local Sites\photo-events\app\public\wp-content\themes\photos-events\front-page.php on line 59
[14-Dec-2023 13:55:18 UTC] PHP Warning:  foreach() argument must be of type array|object, string given in C:\Users\merbo\Local Sites\photo-events\app\public\wp-content\themes\photos-events\front-page.php on line 59
[14-Dec-2023 13:55:18 UTC] PHP Warning:  foreach() argument must be of type array|object, string given in C:\Users\merbo\Local Sites\photo-events\app\public\wp-content\themes\photos-events\front-page.php on line 59
[14-Dec-2023 13:55:18 UTC] PHP Warning:  foreach() argument must be of type array|object, string given in C:\Users\merbo\Local Sites\photo-events\app\public\wp-content\themes\photos-events\front-page.php on line 59
[14-Dec-2023 13:55:18 UTC] PHP Warning:  foreach() argument must be of type array|object, string given in C:\Users\merbo\Local Sites\photo-events\app\public\wp-content\themes\photos-events\front-page.php on line 59
[14-Dec-2023 13:57:20 UTC] PHP Warning:  foreach() argument must be of type array|object, string given in C:\Users\merbo\Local Sites\photo-events\app\public\wp-content\themes\photos-events\front-page.php on line 59
[14-Dec-2023 13:57:20 UTC] PHP Warning:  foreach() argument must be of type array|object, string given in C:\Users\merbo\Local Sites\photo-events\app\public\wp-content\themes\photos-events\front-page.php on line 59
[14-Dec-2023 13:57:20 UTC] PHP Warning:  foreach() argument must be of type array|object, string given in C:\Users\merbo\Local Sites\photo-events\app\public\wp-content\themes\photos-events\front-page.php on line 59
[14-Dec-2023 13:57:20 UTC] PHP Warning:  foreach() argument must be of type array|object, string given in C:\Users\merbo\Local Sites\photo-events\app\public\wp-content\themes\photos-events\front-page.php on line 59
[14-Dec-2023 13:57:20 UTC] PHP Warning:  foreach() argument must be of type array|object, string given in C:\Users\merbo\Local Sites\photo-events\app\public\wp-content\themes\photos-events\front-page.php on line 59
[14-Dec-2023 13:57:20 UTC] PHP Warning:  foreach() argument must be of type array|object, string given in C:\Users\merbo\Local Sites\photo-events\app\public\wp-content\themes\photos-events\front-page.php on line 59
[14-Dec-2023 13:57:20 UTC] PHP Warning:  foreach() argument must be of type array|object, string given in C:\Users\merbo\Local Sites\photo-events\app\public\wp-content\themes\photos-events\front-page.php on line 59
[14-Dec-2023 13:57:20 UTC] PHP Warning:  foreach() argument must be of type array|object, string given in C:\Users\merbo\Local Sites\photo-events\app\public\wp-content\themes\photos-events\front-page.php on line 59
[14-Dec-2023 13:57:20 UTC] PHP Warning:  foreach() argument must be of type array|object, string given in C:\Users\merbo\Local Sites\photo-events\app\public\wp-content\themes\photos-events\front-page.php on line 59
[14-Dec-2023 13:57:20 UTC] PHP Warning:  foreach() argument must be of type array|object, string given in C:\Users\merbo\Local Sites\photo-events\app\public\wp-content\themes\photos-events\front-page.php on line 59
[14-Dec-2023 13:57:20 UTC] PHP Warning:  foreach() argument must be of type array|object, string given in C:\Users\merbo\Local Sites\photo-events\app\public\wp-content\themes\photos-events\front-page.php on line 59
[14-Dec-2023 13:57:20 UTC] PHP Warning:  foreach() argument must be of type array|object, string given in C:\Users\merbo\Local Sites\photo-events\app\public\wp-content\themes\photos-events\front-page.php on line 59
[14-Dec-2023 13:57:20 UTC] PHP Warning:  foreach() argument must be of type array|object, string given in C:\Users\merbo\Local Sites\photo-events\app\public\wp-content\themes\photos-events\front-page.php on line 59
[14-Dec-2023 13:57:20 UTC] PHP Warning:  foreach() argument must be of type array|object, string given in C:\Users\merbo\Local Sites\photo-events\app\public\wp-content\themes\photos-events\front-page.php on line 59
[14-Dec-2023 13:57:20 UTC] PHP Warning:  foreach() argument must be of type array|object, string given in C:\Users\merbo\Local Sites\photo-events\app\public\wp-content\themes\photos-events\front-page.php on line 59
[14-Dec-2023 13:57:20 UTC] PHP Warning:  foreach() argument must be of type array|object, string given in C:\Users\merbo\Local Sites\photo-events\app\public\wp-content\themes\photos-events\front-page.php on line 59
[14-Dec-2023 14:04:48 UTC] PHP Warning:  foreach() argument must be of type array|object, string given in C:\Users\merbo\Local Sites\photo-events\app\public\wp-content\themes\photos-events\front-page.php on line 59
[14-Dec-2023 14:04:48 UTC] PHP Warning:  foreach() argument must be of type array|object, string given in C:\Users\merbo\Local Sites\photo-events\app\public\wp-content\themes\photos-events\front-page.php on line 59
[14-Dec-2023 14:04:48 UTC] PHP Warning:  foreach() argument must be of type array|object, string given in C:\Users\merbo\Local Sites\photo-events\app\public\wp-content\themes\photos-events\front-page.php on line 59
[14-Dec-2023 14:04:48 UTC] PHP Warning:  foreach() argument must be of type array|object, string given in C:\Users\merbo\Local Sites\photo-events\app\public\wp-content\themes\photos-events\front-page.php on line 59
[14-Dec-2023 14:04:48 UTC] PHP Warning:  foreach() argument must be of type array|object, string given in C:\Users\merbo\Local Sites\photo-events\app\public\wp-content\themes\photos-events\front-page.php on line 59
[14-Dec-2023 14:04:48 UTC] PHP Warning:  foreach() argument must be of type array|object, string given in C:\Users\merbo\Local Sites\photo-events\app\public\wp-content\themes\photos-events\front-page.php on line 59
[14-Dec-2023 14:04:48 UTC] PHP Warning:  foreach() argument must be of type array|object, string given in C:\Users\merbo\Local Sites\photo-events\app\public\wp-content\themes\photos-events\front-page.php on line 59
[14-Dec-2023 14:04:48 UTC] PHP Warning:  foreach() argument must be of type array|object, string given in C:\Users\merbo\Local Sites\photo-events\app\public\wp-content\themes\photos-events\front-page.php on line 59
[14-Dec-2023 14:04:48 UTC] PHP Warning:  foreach() argument must be of type array|object, string given in C:\Users\merbo\Local Sites\photo-events\app\public\wp-content\themes\photos-events\front-page.php on line 59
[14-Dec-2023 14:04:48 UTC] PHP Warning:  foreach() argument must be of type array|object, string given in C:\Users\merbo\Local Sites\photo-events\app\public\wp-content\themes\photos-events\front-page.php on line 59
[14-Dec-2023 14:04:48 UTC] PHP Warning:  foreach() argument must be of type array|object, string given in C:\Users\merbo\Local Sites\photo-events\app\public\wp-content\themes\photos-events\front-page.php on line 59
[14-Dec-2023 14:04:48 UTC] PHP Warning:  foreach() argument must be of type array|object, string given in C:\Users\merbo\Local Sites\photo-events\app\public\wp-content\themes\photos-events\front-page.php on line 59
[14-Dec-2023 14:04:48 UTC] PHP Warning:  foreach() argument must be of type array|object, string given in C:\Users\merbo\Local Sites\photo-events\app\public\wp-content\themes\photos-events\front-page.php on line 59
[14-Dec-2023 14:04:48 UTC] PHP Warning:  foreach() argument must be of type array|object, string given in C:\Users\merbo\Local Sites\photo-events\app\public\wp-content\themes\photos-events\front-page.php on line 59
[14-Dec-2023 14:04:48 UTC] PHP Warning:  foreach() argument must be of type array|object, string given in C:\Users\merbo\Local Sites\photo-events\app\public\wp-content\themes\photos-events\front-page.php on line 59
[14-Dec-2023 14:04:48 UTC] PHP Warning:  foreach() argument must be of type array|object, string given in C:\Users\merbo\Local Sites\photo-events\app\public\wp-content\themes\photos-events\front-page.php on line 59
[14-Dec-2023 14:43:00 UTC] PHP Warning:  foreach() argument must be of type array|object, string given in C:\Users\merbo\Local Sites\photo-events\app\public\wp-content\themes\photos-events\front-page.php on line 59
[14-Dec-2023 14:43:00 UTC] PHP Warning:  foreach() argument must be of type array|object, string given in C:\Users\merbo\Local Sites\photo-events\app\public\wp-content\themes\photos-events\front-page.php on line 59
[14-Dec-2023 14:43:00 UTC] PHP Warning:  foreach() argument must be of type array|object, string given in C:\Users\merbo\Local Sites\photo-events\app\public\wp-content\themes\photos-events\front-page.php on line 59
[14-Dec-2023 14:43:00 UTC] PHP Warning:  foreach() argument must be of type array|object, string given in C:\Users\merbo\Local Sites\photo-events\app\public\wp-content\themes\photos-events\front-page.php on line 59
[14-Dec-2023 14:43:00 UTC] PHP Warning:  foreach() argument must be of type array|object, string given in C:\Users\merbo\Local Sites\photo-events\app\public\wp-content\themes\photos-events\front-page.php on line 59
[14-Dec-2023 14:43:00 UTC] PHP Warning:  foreach() argument must be of type array|object, string given in C:\Users\merbo\Local Sites\photo-events\app\public\wp-content\themes\photos-events\front-page.php on line 59
[14-Dec-2023 14:43:00 UTC] PHP Warning:  foreach() argument must be of type array|object, string given in C:\Users\merbo\Local Sites\photo-events\app\public\wp-content\themes\photos-events\front-page.php on line 59
[14-Dec-2023 14:43:00 UTC] PHP Warning:  foreach() argument must be of type array|object, string given in C:\Users\merbo\Local Sites\photo-events\app\public\wp-content\themes\photos-events\front-page.php on line 59
[14-Dec-2023 14:43:00 UTC] PHP Warning:  foreach() argument must be of type array|object, string given in C:\Users\merbo\Local Sites\photo-events\app\public\wp-content\themes\photos-events\front-page.php on line 59
[14-Dec-2023 14:43:00 UTC] PHP Warning:  foreach() argument must be of type array|object, string given in C:\Users\merbo\Local Sites\photo-events\app\public\wp-content\themes\photos-events\front-page.php on line 59
[14-Dec-2023 14:43:00 UTC] PHP Warning:  foreach() argument must be of type array|object, string given in C:\Users\merbo\Local Sites\photo-events\app\public\wp-content\themes\photos-events\front-page.php on line 59
[14-Dec-2023 14:43:00 UTC] PHP Warning:  foreach() argument must be of type array|object, string given in C:\Users\merbo\Local Sites\photo-events\app\public\wp-content\themes\photos-events\front-page.php on line 59
[14-Dec-2023 14:43:00 UTC] PHP Warning:  foreach() argument must be of type array|object, string given in C:\Users\merbo\Local Sites\photo-events\app\public\wp-content\themes\photos-events\front-page.php on line 59
[14-Dec-2023 14:43:00 UTC] PHP Warning:  foreach() argument must be of type array|object, string given in C:\Users\merbo\Local Sites\photo-events\app\public\wp-content\themes\photos-events\front-page.php on line 59
[14-Dec-2023 14:43:00 UTC] PHP Warning:  foreach() argument must be of type array|object, string given in C:\Users\merbo\Local Sites\photo-events\app\public\wp-content\themes\photos-events\front-page.php on line 59
[14-Dec-2023 14:43:00 UTC] PHP Warning:  foreach() argument must be of type array|object, string given in C:\Users\merbo\Local Sites\photo-events\app\public\wp-content\themes\photos-events\front-page.php on line 59
[14-Dec-2023 14:47:36 UTC] PHP Warning:  Attempt to read property "slug" on array in C:\Users\merbo\Local Sites\photo-events\app\public\wp-content\themes\photos-events\front-page.php on line 51
[14-Dec-2023 14:47:36 UTC] PHP Warning:  Attempt to read property "name" on array in C:\Users\merbo\Local Sites\photo-events\app\public\wp-content\themes\photos-events\front-page.php on line 51
[14-Dec-2023 14:47:36 UTC] PHP Warning:  Attempt to read property "slug" on array in C:\Users\merbo\Local Sites\photo-events\app\public\wp-content\themes\photos-events\front-page.php on line 51
[14-Dec-2023 14:47:36 UTC] PHP Warning:  Attempt to read property "name" on array in C:\Users\merbo\Local Sites\photo-events\app\public\wp-content\themes\photos-events\front-page.php on line 51
[14-Dec-2023 14:47:39 UTC] PHP Warning:  Attempt to read property "slug" on array in C:\Users\merbo\Local Sites\photo-events\app\public\wp-content\themes\photos-events\front-page.php on line 51
[14-Dec-2023 14:47:39 UTC] PHP Warning:  Attempt to read property "name" on array in C:\Users\merbo\Local Sites\photo-events\app\public\wp-content\themes\photos-events\front-page.php on line 51
[14-Dec-2023 14:47:39 UTC] PHP Warning:  Attempt to read property "slug" on array in C:\Users\merbo\Local Sites\photo-events\app\public\wp-content\themes\photos-events\front-page.php on line 51
[14-Dec-2023 14:47:39 UTC] PHP Warning:  Attempt to read property "name" on array in C:\Users\merbo\Local Sites\photo-events\app\public\wp-content\themes\photos-events\front-page.php on line 51
[14-Dec-2023 14:47:50 UTC] PHP Warning:  Attempt to read property "slug" on array in C:\Users\merbo\Local Sites\photo-events\app\public\wp-content\themes\photos-events\front-page.php on line 51
[14-Dec-2023 14:47:50 UTC] PHP Warning:  Attempt to read property "name" on array in C:\Users\merbo\Local Sites\photo-events\app\public\wp-content\themes\photos-events\front-page.php on line 51
[14-Dec-2023 14:47:50 UTC] PHP Warning:  Attempt to read property "slug" on array in C:\Users\merbo\Local Sites\photo-events\app\public\wp-content\themes\photos-events\front-page.php on line 51
[14-Dec-2023 14:47:50 UTC] PHP Warning:  Attempt to read property "name" on array in C:\Users\merbo\Local Sites\photo-events\app\public\wp-content\themes\photos-events\front-page.php on line 51
[14-Dec-2023 14:48:53 UTC] PHP Warning:  Attempt to read property "slug" on array in C:\Users\merbo\Local Sites\photo-events\app\public\wp-content\themes\photos-events\front-page.php on line 51
[14-Dec-2023 14:48:53 UTC] PHP Warning:  Attempt to read property "name" on array in C:\Users\merbo\Local Sites\photo-events\app\public\wp-content\themes\photos-events\front-page.php on line 51
[14-Dec-2023 14:48:53 UTC] PHP Warning:  Attempt to read property "slug" on array in C:\Users\merbo\Local Sites\photo-events\app\public\wp-content\themes\photos-events\front-page.php on line 51
[14-Dec-2023 14:48:53 UTC] PHP Warning:  Attempt to read property "name" on array in C:\Users\merbo\Local Sites\photo-events\app\public\wp-content\themes\photos-events\front-page.php on line 51
[14-Dec-2023 14:48:56 UTC] PHP Warning:  Attempt to read property "slug" on array in C:\Users\merbo\Local Sites\photo-events\app\public\wp-content\themes\photos-events\front-page.php on line 51
[14-Dec-2023 14:48:56 UTC] PHP Warning:  Attempt to read property "name" on array in C:\Users\merbo\Local Sites\photo-events\app\public\wp-content\themes\photos-events\front-page.php on line 51
[14-Dec-2023 14:48:56 UTC] PHP Warning:  Attempt to read property "slug" on array in C:\Users\merbo\Local Sites\photo-events\app\public\wp-content\themes\photos-events\front-page.php on line 51
[14-Dec-2023 14:48:56 UTC] PHP Warning:  Attempt to read property "name" on array in C:\Users\merbo\Local Sites\photo-events\app\public\wp-content\themes\photos-events\front-page.php on line 51
[14-Dec-2023 14:49:00 UTC] PHP Warning:  Attempt to read property "slug" on array in C:\Users\merbo\Local Sites\photo-events\app\public\wp-content\themes\photos-events\front-page.php on line 51
[14-Dec-2023 14:49:00 UTC] PHP Warning:  Attempt to read property "name" on array in C:\Users\merbo\Local Sites\photo-events\app\public\wp-content\themes\photos-events\front-page.php on line 51
[14-Dec-2023 14:49:00 UTC] PHP Warning:  Attempt to read property "slug" on array in C:\Users\merbo\Local Sites\photo-events\app\public\wp-content\themes\photos-events\front-page.php on line 51
[14-Dec-2023 14:49:00 UTC] PHP Warning:  Attempt to read property "name" on array in C:\Users\merbo\Local Sites\photo-events\app\public\wp-content\themes\photos-events\front-page.php on line 51
[14-Dec-2023 14:49:56 UTC] PHP Warning:  Attempt to read property "slug" on array in C:\Users\merbo\Local Sites\photo-events\app\public\wp-content\themes\photos-events\front-page.php on line 50
[14-Dec-2023 14:49:56 UTC] PHP Warning:  Attempt to read property "name" on array in C:\Users\merbo\Local Sites\photo-events\app\public\wp-content\themes\photos-events\front-page.php on line 50
[14-Dec-2023 14:49:56 UTC] PHP Warning:  Attempt to read property "slug" on array in C:\Users\merbo\Local Sites\photo-events\app\public\wp-content\themes\photos-events\front-page.php on line 50
[14-Dec-2023 14:49:56 UTC] PHP Warning:  Attempt to read property "name" on array in C:\Users\merbo\Local Sites\photo-events\app\public\wp-content\themes\photos-events\front-page.php on line 50
[14-Dec-2023 15:02:45 UTC] PHP Warning:  Attempt to read property "slug" on array in C:\Users\merbo\Local Sites\photo-events\app\public\wp-content\themes\photos-events\front-page.php on line 50
[14-Dec-2023 15:02:45 UTC] PHP Warning:  Attempt to read property "name" on array in C:\Users\merbo\Local Sites\photo-events\app\public\wp-content\themes\photos-events\front-page.php on line 50
[14-Dec-2023 15:02:45 UTC] PHP Warning:  Attempt to read property "slug" on array in C:\Users\merbo\Local Sites\photo-events\app\public\wp-content\themes\photos-events\front-page.php on line 50
[14-Dec-2023 15:02:45 UTC] PHP Warning:  Attempt to read property "name" on array in C:\Users\merbo\Local Sites\photo-events\app\public\wp-content\themes\photos-events\front-page.php on line 50
[14-Dec-2023 15:06:21 UTC] PHP Warning:  Attempt to read property "slug" on array in C:\Users\merbo\Local Sites\photo-events\app\public\wp-content\themes\photos-events\front-page.php on line 50
[14-Dec-2023 15:06:21 UTC] PHP Warning:  Attempt to read property "name" on array in C:\Users\merbo\Local Sites\photo-events\app\public\wp-content\themes\photos-events\front-page.php on line 50
[14-Dec-2023 15:06:21 UTC] PHP Warning:  Attempt to read property "slug" on array in C:\Users\merbo\Local Sites\photo-events\app\public\wp-content\themes\photos-events\front-page.php on line 50
[14-Dec-2023 15:06:21 UTC] PHP Warning:  Attempt to read property "name" on array in C:\Users\merbo\Local Sites\photo-events\app\public\wp-content\themes\photos-events\front-page.php on line 50
[14-Dec-2023 15:06:22 UTC] PHP Warning:  Attempt to read property "slug" on array in C:\Users\merbo\Local Sites\photo-events\app\public\wp-content\themes\photos-events\front-page.php on line 50
[14-Dec-2023 15:06:22 UTC] PHP Warning:  Attempt to read property "name" on array in C:\Users\merbo\Local Sites\photo-events\app\public\wp-content\themes\photos-events\front-page.php on line 50
[14-Dec-2023 15:06:22 UTC] PHP Warning:  Attempt to read property "slug" on array in C:\Users\merbo\Local Sites\photo-events\app\public\wp-content\themes\photos-events\front-page.php on line 50
[14-Dec-2023 15:06:22 UTC] PHP Warning:  Attempt to read property "name" on array in C:\Users\merbo\Local Sites\photo-events\app\public\wp-content\themes\photos-events\front-page.php on line 50
[15-Dec-2023 08:55:22 UTC] PHP Fatal error:  Uncaught Error: Object of class WP_Error could not be converted to string in C:\Users\merbo\Local Sites\photo-events\app\public\wp-content\themes\photos-events\single-photos.php:35
Stack trace:
#0 C:\Users\merbo\Local Sites\photo-events\app\public\wp-includes\template-loader.php(106): include()
#1 C:\Users\merbo\Local Sites\photo-events\app\public\wp-blog-header.php(19): require_once('C:\\Users\\merbo\\...')
#2 C:\Users\merbo\Local Sites\photo-events\app\public\index.php(17): require('C:\\Users\\merbo\\...')
#3 {main}
  thrown in C:\Users\merbo\Local Sites\photo-events\app\public\wp-content\themes\photos-events\single-photos.php on line 35
[15-Dec-2023 19:26:54 UTC] PHP Parse error:  syntax error, unexpected token "endwhile" in C:\Users\merbo\Local Sites\photo-events\app\public\wp-content\themes\photos-events\single-photos.php on line 208
[18-Dec-2023 23:25:11 UTC] PHP Warning:  Undefined variable $args in C:\Users\merbo\Local Sites\photo-events\app\public\wp-content\themes\photos-events\functions.php on line 206
[18-Dec-2023 23:39:56 UTC] PHP Fatal error:  Cannot redeclare filter_photos() (previously declared in C:\Users\merbo\Local Sites\photo-events\app\public\wp-content\themes\photos-events\functions.php:202) in C:\Users\merbo\Local Sites\photo-events\app\public\wp-content\themes\photos-events\functions.php on line 252
[18-Dec-2023 23:39:57 UTC] PHP Fatal error:  Cannot redeclare filter_photos() (previously declared in C:\Users\merbo\Local Sites\photo-events\app\public\wp-content\themes\photos-events\functions.php:202) in C:\Users\merbo\Local Sites\photo-events\app\public\wp-content\themes\photos-events\functions.php on line 252
[18-Dec-2023 23:40:18 UTC] PHP Fatal error:  Cannot redeclare filter_photos() (previously declared in C:\Users\merbo\Local Sites\photo-events\app\public\wp-content\themes\photos-events\functions.php:202) in C:\Users\merbo\Local Sites\photo-events\app\public\wp-content\themes\photos-events\functions.php on line 252
[18-Dec-2023 23:40:19 UTC] PHP Warning:  Trying to access array offset on value of type bool in C:\Users\merbo\Local Sites\photo-events\app\public\wp-includes\class-wp-recovery-mode-email-service.php on line 367
[18-Dec-2023 23:40:19 UTC] PHP Warning:  Trying to access array offset on value of type bool in C:\Users\merbo\Local Sites\photo-events\app\public\wp-includes\class-wp-recovery-mode-email-service.php on line 368
[19-Dec-2023 22:27:05 UTC] PHP Warning:  Undefined variable $current_category in C:\Users\merbo\Local Sites\photo-events\app\public\wp-content\themes\photos-events\single-photos.php on line 112
[19-Dec-2023 22:31:17 UTC] PHP Warning:  Undefined variable $current_category in C:\Users\merbo\Local Sites\photo-events\app\public\wp-content\themes\photos-events\single-photos.php on line 112
[19-Dec-2023 22:31:29 UTC] PHP Warning:  Undefined variable $current_category in C:\Users\merbo\Local Sites\photo-events\app\public\wp-content\themes\photos-events\single-photos.php on line 112
[19-Dec-2023 22:31:37 UTC] PHP Warning:  Undefined variable $current_category in C:\Users\merbo\Local Sites\photo-events\app\public\wp-content\themes\photos-events\single-photos.php on line 112
[19-Dec-2023 22:31:40 UTC] PHP Warning:  Undefined variable $current_category in C:\Users\merbo\Local Sites\photo-events\app\public\wp-content\themes\photos-events\single-photos.php on line 112
[19-Dec-2023 22:33:39 UTC] PHP Warning:  Undefined variable $current_category in C:\Users\merbo\Local Sites\photo-events\app\public\wp-content\themes\photos-events\single-photos.php on line 112
[19-Dec-2023 22:33:58 UTC] PHP Warning:  Undefined variable $current_category in C:\Users\merbo\Local Sites\photo-events\app\public\wp-content\themes\photos-events\single-photos.php on line 112
[19-Dec-2023 22:35:11 UTC] PHP Warning:  Undefined variable $current_category in C:\Users\merbo\Local Sites\photo-events\app\public\wp-content\themes\photos-events\single-photos.php on line 112
[19-Dec-2023 22:35:16 UTC] PHP Warning:  Undefined variable $current_category in C:\Users\merbo\Local Sites\photo-events\app\public\wp-content\themes\photos-events\single-photos.php on line 112
[19-Dec-2023 22:36:47 UTC] PHP Warning:  Undefined variable $current_category in C:\Users\merbo\Local Sites\photo-events\app\public\wp-content\themes\photos-events\single-photos.php on line 112
[19-Dec-2023 22:36:52 UTC] PHP Warning:  Undefined variable $current_category in C:\Users\merbo\Local Sites\photo-events\app\public\wp-content\themes\photos-events\single-photos.php on line 112
[19-Dec-2023 22:38:32 UTC] PHP Warning:  Undefined variable $current_category in C:\Users\merbo\Local Sites\photo-events\app\public\wp-content\themes\photos-events\single-photos.php on line 112
[19-Dec-2023 22:38:38 UTC] PHP Warning:  Undefined variable $current_category in C:\Users\merbo\Local Sites\photo-events\app\public\wp-content\themes\photos-events\single-photos.php on line 112
[19-Dec-2023 22:45:44 UTC] PHP Warning:  Undefined variable $current_category in C:\Users\merbo\Local Sites\photo-events\app\public\wp-content\themes\photos-events\single-photos.php on line 112
[19-Dec-2023 22:46:24 UTC] PHP Warning:  Undefined variable $current_category in C:\Users\merbo\Local Sites\photo-events\app\public\wp-content\themes\photos-events\single-photos.php on line 112
[19-Dec-2023 22:48:23 UTC] PHP Warning:  Undefined variable $current_category in C:\Users\merbo\Local Sites\photo-events\app\public\wp-content\themes\photos-events\single-photos.php on line 112
[19-Dec-2023 22:49:00 UTC] PHP Warning:  Undefined variable $current_category in C:\Users\merbo\Local Sites\photo-events\app\public\wp-content\themes\photos-events\single-photos.php on line 112
[19-Dec-2023 22:49:53 UTC] PHP Warning:  Undefined variable $current_category in C:\Users\merbo\Local Sites\photo-events\app\public\wp-content\themes\photos-events\single-photos.php on line 112
[19-Dec-2023 22:49:57 UTC] PHP Warning:  Undefined variable $current_category in C:\Users\merbo\Local Sites\photo-events\app\public\wp-content\themes\photos-events\single-photos.php on line 112
[19-Dec-2023 22:50:13 UTC] PHP Warning:  Undefined variable $current_category in C:\Users\merbo\Local Sites\photo-events\app\public\wp-content\themes\photos-events\single-photos.php on line 112
[19-Dec-2023 22:51:53 UTC] PHP Warning:  Undefined variable $current_category in C:\Users\merbo\Local Sites\photo-events\app\public\wp-content\themes\photos-events\single-photos.php on line 112
[20-Dec-2023 08:59:52 UTC] PHP Warning:  Undefined variable $current_category in C:\Users\merbo\Local Sites\photo-events\app\public\wp-content\themes\photos-events\single-photos.php on line 112
[20-Dec-2023 09:04:59 UTC] PHP Warning:  Undefined variable $current_category in C:\Users\merbo\Local Sites\photo-events\app\public\wp-content\themes\photos-events\single-photos.php on line 112
[20-Dec-2023 09:55:18 UTC] PHP Warning:  Undefined variable $current_category in C:\Users\merbo\Local Sites\photo-events\app\public\wp-content\themes\photos-events\single-photos.php on line 112
[20-Dec-2023 09:56:07 UTC] PHP Warning:  Undefined variable $current_category in C:\Users\merbo\Local Sites\photo-events\app\public\wp-content\themes\photos-events\single-photos.php on line 112
[20-Dec-2023 09:56:16 UTC] PHP Warning:  Undefined variable $current_category in C:\Users\merbo\Local Sites\photo-events\app\public\wp-content\themes\photos-events\single-photos.php on line 112
[20-Dec-2023 09:56:33 UTC] PHP Warning:  Undefined variable $current_category in C:\Users\merbo\Local Sites\photo-events\app\public\wp-content\themes\photos-events\single-photos.php on line 112
[20-Dec-2023 10:00:34 UTC] PHP Warning:  Undefined variable $current_category in C:\Users\merbo\Local Sites\photo-events\app\public\wp-content\themes\photos-events\single-photos.php on line 119
[20-Dec-2023 10:03:58 UTC] PHP Warning:  Undefined variable $current_category in C:\Users\merbo\Local Sites\photo-events\app\public\wp-content\themes\photos-events\single-photos.php on line 113
[20-Dec-2023 10:04:03 UTC] PHP Warning:  Undefined variable $current_category in C:\Users\merbo\Local Sites\photo-events\app\public\wp-content\themes\photos-events\single-photos.php on line 113
[20-Dec-2023 10:04:06 UTC] PHP Warning:  Undefined variable $current_category in C:\Users\merbo\Local Sites\photo-events\app\public\wp-content\themes\photos-events\single-photos.php on line 113
[20-Dec-2023 10:04:08 UTC] PHP Warning:  Undefined variable $current_category in C:\Users\merbo\Local Sites\photo-events\app\public\wp-content\themes\photos-events\single-photos.php on line 113
[20-Dec-2023 10:04:11 UTC] PHP Warning:  Undefined variable $current_category in C:\Users\merbo\Local Sites\photo-events\app\public\wp-content\themes\photos-events\single-photos.php on line 113
[20-Dec-2023 10:08:05 UTC] PHP Warning:  Undefined variable $current_category in C:\Users\merbo\Local Sites\photo-events\app\public\wp-content\themes\photos-events\single-photos.php on line 113
[20-Dec-2023 10:08:08 UTC] PHP Warning:  Undefined variable $current_category in C:\Users\merbo\Local Sites\photo-events\app\public\wp-content\themes\photos-events\single-photos.php on line 113
[20-Dec-2023 10:08:10 UTC] PHP Warning:  Undefined variable $current_category in C:\Users\merbo\Local Sites\photo-events\app\public\wp-content\themes\photos-events\single-photos.php on line 113
[20-Dec-2023 10:08:12 UTC] PHP Warning:  Undefined variable $current_category in C:\Users\merbo\Local Sites\photo-events\app\public\wp-content\themes\photos-events\single-photos.php on line 113
